Using pre-set license
Built from '2020.2/staging' branch; Version is '2020.2.6f1 (8a2143876886) revision 9052483'; Using compiler version '192528614'; Build Type 'Release'
OS: 'Windows 10 Home; OS build 19042.1165; Version 2009; 64bit' Language: 'ru' Physical Memory: 16319 MB
BatchMode: 1, IsHumanControllingUs: 0, StartBugReporterOnCrash: 0, Is64bit: 1, IsPro: 0

 COMMAND LINE ARGUMENTS:
C:\Program Files\Unity\Hub\Editor\2020.2.6f1\Editor\Unity.exe
-adb2
-batchMode
-noUpm
-name
AssetImportWorker0
-projectPath
D:/CloneSwampAttack
-logFile
Logs/AssetImportWorker0.log
-srvPort
49320
Successfully changed project path to: D:/CloneSwampAttack
D:/CloneSwampAttack
Using Asset Import Pipeline V2.
Refreshing native plugins compatible for Editor in 36.26 ms, found 1 plugins.
Preloading 0 native plugins for Editor in 0.00 ms.
Initialize engine version: 2020.2.6f1 (8a2143876886)
[Subsystems] Discovering subsystems at path C:/Program Files/Unity/Hub/Editor/2020.2.6f1/Editor/Data/Resources/UnitySubsystems
[Subsystems] Discovering subsystems at path D:/CloneSwampAttack/Assets
GfxDevice: creating device client; threaded=0
Direct3D:
    Version:  Direct3D 11.0 [level 11.1]
    Renderer: NVIDIA GeForce GT 1030 (ID=0x1d01)
    Vendor:   
    VRAM:     1982 MB
    Driver:   27.21.14.5671
Initialize mono
Mono path[0] = 'C:/Program Files/Unity/Hub/Editor/2020.2.6f1/Editor/Data/Managed'
Mono path[1] = 'C:/Program Files/Unity/Hub/Editor/2020.2.6f1/Editor/Data/MonoBleedingEdge/lib/mono/unityjit'
Mono config path = 'C:/Program Files/Unity/Hub/Editor/2020.2.6f1/Editor/Data/MonoBleedingEdge/etc'
Using monoOptions --debugger-agent=transport=dt_socket,embedding=1,server=y,suspend=n,address=127.0.0.1:56560
Begin MonoManager ReloadAssembly
Registering precompiled unity dll's ...
Register platform support module: C:/Program Files/Unity/Hub/Editor/2020.2.6f1/Editor/Data/PlaybackEngines/WindowsStandaloneSupport/UnityEditor.WindowsStandalone.Extensions.dll
Registered in 0.001936 seconds.
Native extension for WindowsStandalone target not found
Refreshing native plugins compatible for Editor in 35.16 ms, found 1 plugins.
Preloading 0 native plugins for Editor in 0.00 ms.
Invoked RoslynAnalysisRunner static constructor.
RoslynAnalysisRunner will not be running.
RoslynAnalysisRunner has terminated.
Mono: successfully reloaded assembly
- Completed reload, in  2.541 seconds
Platform modules already initialized, skipping
Registering precompiled user dll's ...
Registered in 0.000744 seconds.
Begin MonoManager ReloadAssembly
Native extension for WindowsStandalone target not found
Refreshing native plugins compatible for Editor in 97.32 ms, found 1 plugins.
Preloading 0 native plugins for Editor in 0.00 ms.
Invoked RoslynAnalysisRunner static constructor.
RoslynAnalysisRunner will not be running.
RoslynAnalysisRunner has terminated.
Mono: successfully reloaded assembly
- Completed reload, in  1.092 seconds
Platform modules already initialized, skipping
========================================================================
Worker process is ready to serve import requests
Launched and connected shader compiler UnityShaderCompiler.exe after 0.04 seconds
Refreshing native plugins compatible for Editor in 0.37 ms, found 1 plugins.
Preloading 0 native plugins for Editor in 0.00 ms.
Unloading 1832 Unused Serialized files (Serialized files now loaded: 0)
System memory in use before: 86.9 MB.
System memory in use after: 86.9 MB.

Unloading 24 unused Assets to reduce memory usage. Loaded Objects now: 2273.
Total: 3.113300 ms (FindLiveObjects: 0.385100 ms CreateObjectMapping: 0.229300 ms MarkObjects: 2.360500 ms  DeleteObjects: 0.137000 ms)

========================================================================
Received Import Request.
  path: Assets/CloneTemplate/Scripts/Player.cs
  artifactKey: Guid(e6ce71383d086a3408ec64182a3122b7) Importer(815301076,1909f56bfc062723c751e8b465ee728b)
Start importing Assets/CloneTemplate/Scripts/Player.cs using Guid(e6ce71383d086a3408ec64182a3122b7) Importer(815301076,1909f56bfc062723c751e8b465ee728b)  -> (artifact id: '260812d1db8ddb26bc116a72eb8eaa2e') in 0.038441 seconds
  Import took 0.042215 seconds .

========================================================================
Received Import Request.
  Time since last request: 81.115959 seconds.
  path: Assets/CloneTemplate/Scripts/Player.cs
  artifactKey: Guid(e6ce71383d086a3408ec64182a3122b7) Importer(815301076,1909f56bfc062723c751e8b465ee728b)
Start importing Assets/CloneTemplate/Scripts/Player.cs using Guid(e6ce71383d086a3408ec64182a3122b7) Importer(815301076,1909f56bfc062723c751e8b465ee728b)  -> (artifact id: 'a15a4a4e0009da49731c2f54541ded9d') in 0.003529 seconds
  Import took 0.006722 seconds .

========================================================================
Received Import Request.
  Time since last request: 0.003217 seconds.
  path: Assets/CloneTemplate/Scripts/Player.cs
  artifactKey: Guid(e6ce71383d086a3408ec64182a3122b7) Importer(815301076,1909f56bfc062723c751e8b465ee728b)
Start importing Assets/CloneTemplate/Scripts/Player.cs using Guid(e6ce71383d086a3408ec64182a3122b7) Importer(815301076,1909f56bfc062723c751e8b465ee728b)  -> (artifact id: 'a15a4a4e0009da49731c2f54541ded9d') in 0.002110 seconds
  Import took 0.005085 seconds .

========================================================================
Received Import Request.
  Time since last request: 2.869590 seconds.
  path: Assets/CloneTemplate/Scripts/Player.cs
  artifactKey: Guid(e6ce71383d086a3408ec64182a3122b7) Importer(815301076,1909f56bfc062723c751e8b465ee728b)
Start importing Assets/CloneTemplate/Scripts/Player.cs using Guid(e6ce71383d086a3408ec64182a3122b7) Importer(815301076,1909f56bfc062723c751e8b465ee728b)  -> (artifact id: '0ed396d56fe7aa75dfb544b4fd30eb77') in 0.003258 seconds
  Import took 0.006144 seconds .

========================================================================
Received Import Request.
  Time since last request: 0.003342 seconds.
  path: Assets/CloneTemplate/Scripts/Player.cs
  artifactKey: Guid(e6ce71383d086a3408ec64182a3122b7) Importer(815301076,1909f56bfc062723c751e8b465ee728b)
Start importing Assets/CloneTemplate/Scripts/Player.cs using Guid(e6ce71383d086a3408ec64182a3122b7) Importer(815301076,1909f56bfc062723c751e8b465ee728b)  -> (artifact id: '0ed396d56fe7aa75dfb544b4fd30eb77') in 0.001596 seconds
  Import took 0.004351 seconds .

========================================================================
Received Prepare
Registering precompiled user dll's ...
Registered in 0.000662 seconds.
Begin MonoManager ReloadAssembly
Native extension for WindowsStandalone target not found
Refreshing native plugins compatible for Editor in 0.51 ms, found 1 plugins.
Preloading 0 native plugins for Editor in 0.00 ms.
Invoked RoslynAnalysisRunner static constructor.
RoslynAnalysisRunner will not be running.
RoslynAnalysisRunner has terminated.
Mono: successfully reloaded assembly
- Completed reload, in  0.809 seconds
Platform modules already initialized, skipping
Switching build target platform(5) subTarget(0) extendedPlatform(0) -> platform(13) subTarget(537395200) extendedPlatform(0)
Refreshing native plugins compatible for Editor in 0.39 ms, found 1 plugins.
Preloading 0 native plugins for Editor in 0.00 ms.
Unloading 1817 Unused Serialized files (Serialized files now loaded: 0)
System memory in use before: 85.7 MB.
System memory in use after: 85.7 MB.

Unloading 12 unused Assets to reduce memory usage. Loaded Objects now: 2276.
Total: 3.627000 ms (FindLiveObjects: 0.385200 ms CreateObjectMapping: 0.154900 ms MarkObjects: 2.905800 ms  DeleteObjects: 0.178500 ms)

AssetImportParameters requested are different than current active one (requested -> active):
  custom:graphics/normal-map-encoding: 01000000000000000000000000000000 -> 02000000000000000000000000000000
========================================================================
Received Prepare
Registering precompiled user dll's ...
Registered in 0.000834 seconds.
Begin MonoManager ReloadAssembly
Native extension for WindowsStandalone target not found
Refreshing native plugins compatible for Editor in 0.34 ms, found 1 plugins.
Preloading 0 native plugins for Editor in 0.00 ms.
Invoked RoslynAnalysisRunner static constructor.
RoslynAnalysisRunner will not be running.
RoslynAnalysisRunner has terminated.
Mono: successfully reloaded assembly
- Completed reload, in  0.770 seconds
Platform modules already initialized, skipping
Switching build target platform(5) subTarget(0) extendedPlatform(0) -> platform(13) subTarget(537395200) extendedPlatform(0)
Refreshing native plugins compatible for Editor in 0.34 ms, found 1 plugins.
Preloading 0 native plugins for Editor in 0.00 ms.
Unloading 1817 Unused Serialized files (Serialized files now loaded: 0)
System memory in use before: 85.8 MB.
System memory in use after: 85.8 MB.

Unloading 12 unused Assets to reduce memory usage. Loaded Objects now: 2279.
Total: 1.749700 ms (FindLiveObjects: 0.157600 ms CreateObjectMapping: 0.055400 ms MarkObjects: 1.443500 ms  DeleteObjects: 0.092400 ms)

AssetImportParameters requested are different than current active one (requested -> active):
  custom:graphics/normal-map-encoding: 01000000000000000000000000000000 -> 02000000000000000000000000000000
========================================================================
Received Import Request.
  Time since last request: 525.271688 seconds.
  path: Assets/CloneTemplate/Scripts/Player.cs
  artifactKey: Guid(e6ce71383d086a3408ec64182a3122b7) Importer(815301076,1909f56bfc062723c751e8b465ee728b)
Start importing Assets/CloneTemplate/Scripts/Player.cs using Guid(e6ce71383d086a3408ec64182a3122b7) Importer(815301076,1909f56bfc062723c751e8b465ee728b)  -> (artifact id: '3459bed31cfe8392d63e6dfce670a11a') in 0.004772 seconds
  Import took 0.007620 seconds .

========================================================================
Received Import Request.
  Time since last request: 89.137761 seconds.
  path: Assets/CloneTemplate/Prefabs/Weapon/Pistol2.prefab
  artifactKey: Guid(bbabefa2df2e01e41b1e45fdd2f6bc2e) Importer(815301076,1909f56bfc062723c751e8b465ee728b)
Start importing Assets/CloneTemplate/Prefabs/Weapon/Pistol2.prefab using Guid(bbabefa2df2e01e41b1e45fdd2f6bc2e) Importer(815301076,1909f56bfc062723c751e8b465ee728b)  -> (artifact id: 'b0f83e22250c098fcacccba323023d23') in 0.026838 seconds
  Import took 0.029666 seconds .

========================================================================
Received Import Request.
  Time since last request: 0.000927 seconds.
  path: Assets/CloneTemplate/Prefabs/Weapon/Pistol2.prefab
  artifactKey: Guid(bbabefa2df2e01e41b1e45fdd2f6bc2e) Importer(815301076,1909f56bfc062723c751e8b465ee728b)
Start importing Assets/CloneTemplate/Prefabs/Weapon/Pistol2.prefab using Guid(bbabefa2df2e01e41b1e45fdd2f6bc2e) Importer(815301076,1909f56bfc062723c751e8b465ee728b)  -> (artifact id: 'b0f83e22250c098fcacccba323023d23') in 0.002795 seconds
  Import took 0.005704 seconds .

========================================================================
Received Prepare
Registering precompiled user dll's ...
Registered in 0.000803 seconds.
Begin MonoManager ReloadAssembly
Native extension for WindowsStandalone target not found
Refreshing native plugins compatible for Editor in 0.40 ms, found 1 plugins.
Preloading 0 native plugins for Editor in 0.00 ms.
Invoked RoslynAnalysisRunner static constructor.
RoslynAnalysisRunner will not be running.
RoslynAnalysisRunner has terminated.
Mono: successfully reloaded assembly
- Completed reload, in  0.850 seconds
Platform modules already initialized, skipping
Switching build target platform(5) subTarget(0) extendedPlatform(0) -> platform(13) subTarget(537395200) extendedPlatform(0)
Refreshing native plugins compatible for Editor in 0.40 ms, found 1 plugins.
Preloading 0 native plugins for Editor in 0.00 ms.
Unloading 1817 Unused Serialized files (Serialized files now loaded: 0)
System memory in use before: 85.8 MB.
System memory in use after: 85.8 MB.

Unloading 12 unused Assets to reduce memory usage. Loaded Objects now: 2282.
Total: 5.151100 ms (FindLiveObjects: 0.476400 ms CreateObjectMapping: 0.270500 ms MarkObjects: 4.308500 ms  DeleteObjects: 0.093600 ms)

AssetImportParameters requested are different than current active one (requested -> active):
  custom:graphics/normal-map-encoding: 01000000000000000000000000000000 -> 02000000000000000000000000000000
========================================================================
Received Prepare
Registering precompiled user dll's ...
Registered in 0.000772 seconds.
Begin MonoManager ReloadAssembly
Native extension for WindowsStandalone target not found
Refreshing native plugins compatible for Editor in 0.38 ms, found 1 plugins.
Preloading 0 native plugins for Editor in 0.00 ms.
Invoked RoslynAnalysisRunner static constructor.
RoslynAnalysisRunner will not be running.
RoslynAnalysisRunner has terminated.
Mono: successfully reloaded assembly
- Completed reload, in  0.889 seconds
Platform modules already initialized, skipping
Switching build target platform(5) subTarget(0) extendedPlatform(0) -> platform(13) subTarget(537395200) extendedPlatform(0)
Refreshing native plugins compatible for Editor in 0.35 ms, found 1 plugins.
Preloading 0 native plugins for Editor in 0.00 ms.
Unloading 1817 Unused Serialized files (Serialized files now loaded: 0)
System memory in use before: 85.8 MB.
System memory in use after: 85.8 MB.

Unloading 12 unused Assets to reduce memory usage. Loaded Objects now: 2285.
Total: 2.222800 ms (FindLiveObjects: 0.184300 ms CreateObjectMapping: 0.093700 ms MarkObjects: 1.826900 ms  DeleteObjects: 0.116800 ms)

AssetImportParameters requested are different than current active one (requested -> active):
  custom:graphics/normal-map-encoding: 01000000000000000000000000000000 -> 02000000000000000000000000000000
========================================================================
Received Prepare
Registering precompiled user dll's ...
Registered in 0.000737 seconds.
Begin MonoManager ReloadAssembly
Native extension for WindowsStandalone target not found
Refreshing native plugins compatible for Editor in 0.34 ms, found 1 plugins.
Preloading 0 native plugins for Editor in 0.00 ms.
Invoked RoslynAnalysisRunner static constructor.
RoslynAnalysisRunner will not be running.
RoslynAnalysisRunner has terminated.
Mono: successfully reloaded assembly
- Completed reload, in  0.743 seconds
Platform modules already initialized, skipping
Switching build target platform(5) subTarget(0) extendedPlatform(0) -> platform(13) subTarget(537395200) extendedPlatform(0)
Refreshing native plugins compatible for Editor in 0.34 ms, found 1 plugins.
Preloading 0 native plugins for Editor in 0.00 ms.
Unloading 1817 Unused Serialized files (Serialized files now loaded: 0)
System memory in use before: 85.8 MB.
System memory in use after: 85.8 MB.

Unloading 12 unused Assets to reduce memory usage. Loaded Objects now: 2288.
Total: 4.211400 ms (FindLiveObjects: 0.509700 ms CreateObjectMapping: 0.183100 ms MarkObjects: 3.329300 ms  DeleteObjects: 0.187000 ms)

AssetImportParameters requested are different than current active one (requested -> active):
  custom:graphics/normal-map-encoding: 01000000000000000000000000000000 -> 02000000000000000000000000000000
========================================================================
Received Import Request.
  Time since last request: 5614.235540 seconds.
  path: Assets/CloneTemplate/Sprites/Weapon
  artifactKey: Guid(dcb4ad711e6aeb340a87f21c5c6e3dca) Importer(815301076,1909f56bfc062723c751e8b465ee728b)
Start importing Assets/CloneTemplate/Sprites/Weapon using Guid(dcb4ad711e6aeb340a87f21c5c6e3dca) Importer(815301076,1909f56bfc062723c751e8b465ee728b)  -> (artifact id: '1c14ad63911a37e7d91652b06776ad6b') in 0.010701 seconds
  Import took 0.014492 seconds .

========================================================================
Received Import Request.
  Time since last request: 102.361159 seconds.
  path: Assets/CloneTemplate/Scripts/Weapons/Weapon.cs
  artifactKey: Guid(21afab9995cc1944abef0e6e6d367091) Importer(815301076,1909f56bfc062723c751e8b465ee728b)
Start importing Assets/CloneTemplate/Scripts/Weapons/Weapon.cs using Guid(21afab9995cc1944abef0e6e6d367091) Importer(815301076,1909f56bfc062723c751e8b465ee728b)  -> (artifact id: '7f2d3b36656f325a3ef336bbde5c1082') in 0.003130 seconds
  Import took 0.008080 seconds .

========================================================================
Received Import Request.
  Time since last request: 21.975786 seconds.
  path: Assets/CloneTemplate/Scripts/Weapons/Uzi.cs
  artifactKey: Guid(33c7bd99b98f2e64e8bfc402413e01f3) Importer(815301076,1909f56bfc062723c751e8b465ee728b)
Start importing Assets/CloneTemplate/Scripts/Weapons/Uzi.cs using Guid(33c7bd99b98f2e64e8bfc402413e01f3) Importer(815301076,1909f56bfc062723c751e8b465ee728b)  -> (artifact id: 'c3ee4ff798cec523af0895eabd57f1f4') in 0.007765 seconds
  Import took 0.012043 seconds .

========================================================================
Received Prepare
Registering precompiled user dll's ...
Registered in 0.000722 seconds.
Begin MonoManager ReloadAssembly
Native extension for WindowsStandalone target not found
Refreshing native plugins compatible for Editor in 0.35 ms, found 1 plugins.
Preloading 0 native plugins for Editor in 0.00 ms.
Invoked RoslynAnalysisRunner static constructor.
RoslynAnalysisRunner will not be running.
RoslynAnalysisRunner has terminated.
Mono: successfully reloaded assembly
- Completed reload, in  0.808 seconds
Platform modules already initialized, skipping
Switching build target platform(5) subTarget(0) extendedPlatform(0) -> platform(13) subTarget(537395200) extendedPlatform(0)
Refreshing native plugins compatible for Editor in 0.40 ms, found 1 plugins.
Preloading 0 native plugins for Editor in 0.00 ms.
Unloading 1818 Unused Serialized files (Serialized files now loaded: 0)
System memory in use before: 85.9 MB.
System memory in use after: 85.9 MB.

Unloading 12 unused Assets to reduce memory usage. Loaded Objects now: 2292.
Total: 2.288400 ms (FindLiveObjects: 0.232700 ms CreateObjectMapping: 0.087600 ms MarkObjects: 1.862900 ms  DeleteObjects: 0.104000 ms)

AssetImportParameters requested are different than current active one (requested -> active):
  custom:graphics/normal-map-encoding: 01000000000000000000000000000000 -> 02000000000000000000000000000000
========================================================================
Received Prepare
Registering precompiled user dll's ...
Registered in 0.000751 seconds.
Begin MonoManager ReloadAssembly
Native extension for WindowsStandalone target not found
Refreshing native plugins compatible for Editor in 0.37 ms, found 1 plugins.
Preloading 0 native plugins for Editor in 0.00 ms.
Invoked RoslynAnalysisRunner static constructor.
RoslynAnalysisRunner will not be running.
RoslynAnalysisRunner has terminated.
Mono: successfully reloaded assembly
- Completed reload, in  0.771 seconds
Platform modules already initialized, skipping
Switching build target platform(5) subTarget(0) extendedPlatform(0) -> platform(13) subTarget(537395200) extendedPlatform(0)
Refreshing native plugins compatible for Editor in 0.34 ms, found 1 plugins.
Preloading 0 native plugins for Editor in 0.00 ms.
Unloading 1818 Unused Serialized files (Serialized files now loaded: 0)
System memory in use before: 85.9 MB.
System memory in use after: 85.9 MB.

Unloading 12 unused Assets to reduce memory usage. Loaded Objects now: 2295.
Total: 1.901500 ms (FindLiveObjects: 0.226000 ms CreateObjectMapping: 0.080800 ms MarkObjects: 1.495600 ms  DeleteObjects: 0.098100 ms)

AssetImportParameters requested are different than current active one (requested -> active):
  custom:graphics/normal-map-encoding: 01000000000000000000000000000000 -> 02000000000000000000000000000000
========================================================================
Received Import Request.
  Time since last request: 62.412633 seconds.
  path: Assets/CloneTemplate/Scripts/Weapons/Uzi.cs
  artifactKey: Guid(33c7bd99b98f2e64e8bfc402413e01f3) Importer(815301076,1909f56bfc062723c751e8b465ee728b)
Start importing Assets/CloneTemplate/Scripts/Weapons/Uzi.cs using Guid(33c7bd99b98f2e64e8bfc402413e01f3) Importer(815301076,1909f56bfc062723c751e8b465ee728b)  -> (artifact id: 'a23e3a880ca050f9b6bb3d8adf346a74') in 0.003581 seconds
  Import took 0.006268 seconds .

========================================================================
Received Import Request.
  Time since last request: 12.505932 seconds.
  path: Assets/CloneTemplate/Sprites/CartoonViking/CartoonViking/IdleGun01/IdleGun01_01.png
  artifactKey: Guid(c8649fbbcc189694eb390943917182d5) Importer(815301076,1909f56bfc062723c751e8b465ee728b)
Start importing Assets/CloneTemplate/Sprites/CartoonViking/CartoonViking/IdleGun01/IdleGun01_01.png using Guid(c8649fbbcc189694eb390943917182d5) Importer(815301076,1909f56bfc062723c751e8b465ee728b)  -> (artifact id: '54e8e58a039ee54b0c8534aec241b477') in 0.077126 seconds
  Import took 0.080383 seconds .

========================================================================
Received Import Request.
  Time since last request: 0.000269 seconds.
  path: Assets/CloneTemplate/Sprites/CartoonViking/CartoonViking/IdleGun01/IdleGun01_03.png
  artifactKey: Guid(8ab4b3a4f17db8140a12b0f85e8520c1) Importer(815301076,1909f56bfc062723c751e8b465ee728b)
Start importing Assets/CloneTemplate/Sprites/CartoonViking/CartoonViking/IdleGun01/IdleGun01_03.png using Guid(8ab4b3a4f17db8140a12b0f85e8520c1) Importer(815301076,1909f56bfc062723c751e8b465ee728b)  -> (artifact id: '309ced368231ceb5dcdd2ffc15fe68dd') in 0.014264 seconds
  Import took 0.017249 seconds .

========================================================================
Received Import Request.
  Time since last request: 0.000277 seconds.
  path: Assets/CloneTemplate/Sprites/CartoonViking/CartoonViking/IdleGun01/IdleGun01_01.png
  artifactKey: Guid(c8649fbbcc189694eb390943917182d5) Importer(815301076,1909f56bfc062723c751e8b465ee728b)
Start importing Assets/CloneTemplate/Sprites/CartoonViking/CartoonViking/IdleGun01/IdleGun01_01.png using Guid(c8649fbbcc189694eb390943917182d5) Importer(815301076,1909f56bfc062723c751e8b465ee728b)  -> (artifact id: '54e8e58a039ee54b0c8534aec241b477') in 0.010442 seconds
  Import took 0.013286 seconds .

========================================================================
Received Import Request.
  Time since last request: 0.000173 seconds.
  path: Assets/CloneTemplate/Sprites/CartoonViking/CartoonViking/IdleGun01/IdleGun01_05.png
  artifactKey: Guid(73a794c9b5bb0294b8e0b465b74a370a) Importer(815301076,1909f56bfc062723c751e8b465ee728b)
Start importing Assets/CloneTemplate/Sprites/CartoonViking/CartoonViking/IdleGun01/IdleGun01_05.png using Guid(73a794c9b5bb0294b8e0b465b74a370a) Importer(815301076,1909f56bfc062723c751e8b465ee728b)  -> (artifact id: '35af381a995d9351754d357afa7b8337') in 0.010439 seconds
  Import took 0.013241 seconds .

========================================================================
Received Import Request.
  Time since last request: 0.000171 seconds.
  path: Assets/CloneTemplate/Sprites/CartoonViking/CartoonViking/IdleGun01/IdleGun01_04.png
  artifactKey: Guid(a38d8f2417dbdec4da8bf866da44a606) Importer(815301076,1909f56bfc062723c751e8b465ee728b)
Start importing Assets/CloneTemplate/Sprites/CartoonViking/CartoonViking/IdleGun01/IdleGun01_04.png using Guid(a38d8f2417dbdec4da8bf866da44a606) Importer(815301076,1909f56bfc062723c751e8b465ee728b)  -> (artifact id: '9ee0be17bd799c04bf22c9a5bb7183b5') in 0.011181 seconds
  Import took 0.014134 seconds .

========================================================================
Received Import Request.
  Time since last request: 0.000253 seconds.
  path: Assets/CloneTemplate/Sprites/CartoonViking/CartoonViking/IdleGun01/IdleGun01_06.png
  artifactKey: Guid(1c3d42debc7abb2439938f496207ae5b) Importer(815301076,1909f56bfc062723c751e8b465ee728b)
Start importing Assets/CloneTemplate/Sprites/CartoonViking/CartoonViking/IdleGun01/IdleGun01_06.png using Guid(1c3d42debc7abb2439938f496207ae5b) Importer(815301076,1909f56bfc062723c751e8b465ee728b)  -> (artifact id: '5d9dd49b5f2d137ff2f9374afec3286a') in 0.010338 seconds
  Import took 0.013422 seconds .

========================================================================
Received Import Request.
  Time since last request: 0.000213 seconds.
  path: Assets/CloneTemplate/Sprites/CartoonViking/CartoonViking/IdleGun01/IdleGun01_02.png
  artifactKey: Guid(986d31a736e6980409f496b4af3c183b) Importer(815301076,1909f56bfc062723c751e8b465ee728b)
Start importing Assets/CloneTemplate/Sprites/CartoonViking/CartoonViking/IdleGun01/IdleGun01_02.png using Guid(986d31a736e6980409f496b4af3c183b) Importer(815301076,1909f56bfc062723c751e8b465ee728b)  -> (artifact id: '4efbbf2a1ac815da53799d92264a0f82') in 0.015204 seconds
  Import took 0.018125 seconds .

========================================================================
Received Import Request.
  Time since last request: 0.000171 seconds.
  path: Assets/CloneTemplate/Sprites/CartoonViking/CartoonViking/IdleGun01/IdleGun01_08.png
  artifactKey: Guid(71632e0aeb18e614fa9c3e2b119790de) Importer(815301076,1909f56bfc062723c751e8b465ee728b)
Start importing Assets/CloneTemplate/Sprites/CartoonViking/CartoonViking/IdleGun01/IdleGun01_08.png using Guid(71632e0aeb18e614fa9c3e2b119790de) Importer(815301076,1909f56bfc062723c751e8b465ee728b)  -> (artifact id: '52224bdd721eb9cbba211a509a14a2eb') in 0.012315 seconds
  Import took 0.015103 seconds .

========================================================================
Received Import Request.
  Time since last request: 0.000188 seconds.
  path: Assets/CloneTemplate/Sprites/CartoonViking/CartoonViking/IdleGun01/IdleGun01_07.png
  artifactKey: Guid(cb8f063ddcbbc6c4c8e1bb3d6f2b9b61) Importer(815301076,1909f56bfc062723c751e8b465ee728b)
Start importing Assets/CloneTemplate/Sprites/CartoonViking/CartoonViking/IdleGun01/IdleGun01_07.png using Guid(cb8f063ddcbbc6c4c8e1bb3d6f2b9b61) Importer(815301076,1909f56bfc062723c751e8b465ee728b)  -> (artifact id: 'aa866a6995e15afd196dc21b0bfb56f0') in 0.010975 seconds
  Import took 0.013704 seconds .

========================================================================
Received Import Request.
  Time since last request: 202.593037 seconds.
  path: Assets/CloneTemplate/Sprites/Bullet1.png
  artifactKey: Guid(b03a662e4f83b4f4ca3a2cf2c23d1730) Importer(815301076,1909f56bfc062723c751e8b465ee728b)
Start importing Assets/CloneTemplate/Sprites/Bullet1.png using Guid(b03a662e4f83b4f4ca3a2cf2c23d1730) Importer(815301076,1909f56bfc062723c751e8b465ee728b)  -> (artifact id: '660850df11c674933bef5c21975f58ab') in 0.056522 seconds
  Import took 0.059435 seconds .

========================================================================
Received Import Request.
  Time since last request: 0.006202 seconds.
  path: Assets/CloneTemplate/Sprites/Bullet1.png
  artifactKey: Guid(b03a662e4f83b4f4ca3a2cf2c23d1730) Importer(815301076,1909f56bfc062723c751e8b465ee728b)
Start importing Assets/CloneTemplate/Sprites/Bullet1.png using Guid(b03a662e4f83b4f4ca3a2cf2c23d1730) Importer(815301076,1909f56bfc062723c751e8b465ee728b)  -> (artifact id: '660850df11c674933bef5c21975f58ab') in 0.050883 seconds
  Import took 0.053785 seconds .

========================================================================
Received Import Request.
  Time since last request: 15.504583 seconds.
  path: Assets/CloneTemplate/Sprites/Bullet1.png
  artifactKey: Guid(b03a662e4f83b4f4ca3a2cf2c23d1730) Importer(815301076,1909f56bfc062723c751e8b465ee728b)
Start importing Assets/CloneTemplate/Sprites/Bullet1.png using Guid(b03a662e4f83b4f4ca3a2cf2c23d1730) Importer(815301076,1909f56bfc062723c751e8b465ee728b)  -> (artifact id: 'd2a57c7a5317a42f0af081d9b7a20527') in 0.041638 seconds
  Import took 0.044483 seconds .

========================================================================
Received Import Request.
  Time since last request: 43.548006 seconds.
  path: Assets/CloneTemplate/Sprites/Bullet1.png
  artifactKey: Guid(b03a662e4f83b4f4ca3a2cf2c23d1730) Importer(815301076,1909f56bfc062723c751e8b465ee728b)
Start importing Assets/CloneTemplate/Sprites/Bullet1.png using Guid(b03a662e4f83b4f4ca3a2cf2c23d1730) Importer(815301076,1909f56bfc062723c751e8b465ee728b)  -> (artifact id: '401f0244869aa9ac217c03ac227b1657') in 0.029381 seconds
  Import took 0.032228 seconds .

========================================================================
Received Import Request.
  Time since last request: 5.576305 seconds.
  path: Assets/CloneTemplate/Sprites/Bullet1.png
  artifactKey: Guid(b03a662e4f83b4f4ca3a2cf2c23d1730) Importer(815301076,1909f56bfc062723c751e8b465ee728b)
Start importing Assets/CloneTemplate/Sprites/Bullet1.png using Guid(b03a662e4f83b4f4ca3a2cf2c23d1730) Importer(815301076,1909f56bfc062723c751e8b465ee728b)  -> (artifact id: '182303d2555bb935e07cd64da5c77b88') in 0.028445 seconds
  Import took 0.031769 seconds .

========================================================================
Received Import Request.
  Time since last request: 5.121143 seconds.
  path: Assets/CloneTemplate/Sprites/Bullet1.png
  artifactKey: Guid(b03a662e4f83b4f4ca3a2cf2c23d1730) Importer(815301076,1909f56bfc062723c751e8b465ee728b)
Start importing Assets/CloneTemplate/Sprites/Bullet1.png using Guid(b03a662e4f83b4f4ca3a2cf2c23d1730) Importer(815301076,1909f56bfc062723c751e8b465ee728b)  -> (artifact id: '066246da90ed8f8f1a35000107c44f3d') in 0.027542 seconds
  Import took 0.030296 seconds .

========================================================================
Received Import Request.
  Time since last request: 3.601056 seconds.
  path: Assets/CloneTemplate/Sprites/Bullet1.png
  artifactKey: Guid(b03a662e4f83b4f4ca3a2cf2c23d1730) Importer(815301076,1909f56bfc062723c751e8b465ee728b)
Start importing Assets/CloneTemplate/Sprites/Bullet1.png using Guid(b03a662e4f83b4f4ca3a2cf2c23d1730) Importer(815301076,1909f56bfc062723c751e8b465ee728b)  -> (artifact id: 'ef883a0c195f2700caf7d5650810cbd2') in 0.030849 seconds
  Import took 0.034339 seconds .

========================================================================
Received Import Request.
  Time since last request: 40.306945 seconds.
  path: Assets/CloneTemplate/Sprites/Bullet1.png
  artifactKey: Guid(b03a662e4f83b4f4ca3a2cf2c23d1730) Importer(815301076,1909f56bfc062723c751e8b465ee728b)
Start importing Assets/CloneTemplate/Sprites/Bullet1.png using Guid(b03a662e4f83b4f4ca3a2cf2c23d1730) Importer(815301076,1909f56bfc062723c751e8b465ee728b)  -> (artifact id: 'ed8578c1cfa6dd630faec63c3fdc7a07') in 0.043973 seconds
  Import took 0.046848 seconds .

========================================================================
Received Import Request.
  Time since last request: 158.815893 seconds.
  path: Assets/CloneTemplate/Sprites/Bullet1.png
  artifactKey: Guid(b03a662e4f83b4f4ca3a2cf2c23d1730) Importer(815301076,1909f56bfc062723c751e8b465ee728b)
Start importing Assets/CloneTemplate/Sprites/Bullet1.png using Guid(b03a662e4f83b4f4ca3a2cf2c23d1730) Importer(815301076,1909f56bfc062723c751e8b465ee728b)  -> (artifact id: '9f4c07651edc0dbc5b3533f84c8bcfd2') in 0.042627 seconds
  Import took 0.045784 seconds .

========================================================================
Received Import Request.
  Time since last request: 44.063336 seconds.
  path: Assets/CloneTemplate/Prefabs/Bullets/UziBullet.prefab
  artifactKey: Guid(f041a0774ad0a13489e91a5f575890cc) Importer(815301076,1909f56bfc062723c751e8b465ee728b)
Start importing Assets/CloneTemplate/Prefabs/Bullets/UziBullet.prefab using Guid(f041a0774ad0a13489e91a5f575890cc) Importer(815301076,1909f56bfc062723c751e8b465ee728b)  -> (artifact id: 'fc96b3b29aac329fd312aa6d275c5579') in 0.055989 seconds
  Import took 0.059137 seconds .

========================================================================
Received Import Request.
  Time since last request: 15.045183 seconds.
  path: Assets/CloneTemplate/Prefabs/Weapon/Uzi.prefab
  artifactKey: Guid(31557045c42dfc04b9564797fc6da779) Importer(815301076,1909f56bfc062723c751e8b465ee728b)
Start importing Assets/CloneTemplate/Prefabs/Weapon/Uzi.prefab using Guid(31557045c42dfc04b9564797fc6da779) Importer(815301076,1909f56bfc062723c751e8b465ee728b)  -> (artifact id: 'f0e49d2a7ad1be63ad76196f4d8cd967') in 0.020368 seconds
  Import took 0.023788 seconds .

========================================================================
Received Import Request.
  Time since last request: 0.004513 seconds.
  path: Assets/CloneTemplate/Prefabs/Weapon/Uzi.prefab
  artifactKey: Guid(31557045c42dfc04b9564797fc6da779) Importer(815301076,1909f56bfc062723c751e8b465ee728b)
Start importing Assets/CloneTemplate/Prefabs/Weapon/Uzi.prefab using Guid(31557045c42dfc04b9564797fc6da779) Importer(815301076,1909f56bfc062723c751e8b465ee728b)  -> (artifact id: 'f0e49d2a7ad1be63ad76196f4d8cd967') in 0.021721 seconds
  Import took 0.024680 seconds .

========================================================================
Received Prepare
Registering precompiled user dll's ...
Registered in 0.000940 seconds.
Begin MonoManager ReloadAssembly
Native extension for WindowsStandalone target not found
Refreshing native plugins compatible for Editor in 0.35 ms, found 1 plugins.
Preloading 0 native plugins for Editor in 0.00 ms.
Invoked RoslynAnalysisRunner static constructor.
RoslynAnalysisRunner will not be running.
RoslynAnalysisRunner has terminated.
Mono: successfully reloaded assembly
- Completed reload, in  0.768 seconds
Platform modules already initialized, skipping
Switching build target platform(5) subTarget(0) extendedPlatform(0) -> platform(13) subTarget(537395200) extendedPlatform(0)
Refreshing native plugins compatible for Editor in 0.34 ms, found 1 plugins.
Preloading 0 native plugins for Editor in 0.00 ms.
Unloading 1818 Unused Serialized files (Serialized files now loaded: 0)
System memory in use before: 89.0 MB.
System memory in use after: 89.0 MB.

Unloading 12 unused Assets to reduce memory usage. Loaded Objects now: 2309.
Total: 1.821700 ms (FindLiveObjects: 0.183600 ms CreateObjectMapping: 0.063800 ms MarkObjects: 1.476600 ms  DeleteObjects: 0.096900 ms)

AssetImportParameters requested are different than current active one (requested -> active):
  custom:graphics/normal-map-encoding: 01000000000000000000000000000000 -> 02000000000000000000000000000000
========================================================================
Received Prepare
Registering precompiled user dll's ...
Registered in 0.000759 seconds.
Begin MonoManager ReloadAssembly
Native extension for WindowsStandalone target not found
Refreshing native plugins compatible for Editor in 0.35 ms, found 1 plugins.
Preloading 0 native plugins for Editor in 0.00 ms.
Invoked RoslynAnalysisRunner static constructor.
RoslynAnalysisRunner will not be running.
RoslynAnalysisRunner has terminated.
Mono: successfully reloaded assembly
- Completed reload, in  0.791 seconds
Platform modules already initialized, skipping
Switching build target platform(5) subTarget(0) extendedPlatform(0) -> platform(13) subTarget(537395200) extendedPlatform(0)
Refreshing native plugins compatible for Editor in 0.33 ms, found 1 plugins.
Preloading 0 native plugins for Editor in 0.00 ms.
Unloading 1818 Unused Serialized files (Serialized files now loaded: 0)
System memory in use before: 89.0 MB.
System memory in use after: 89.0 MB.

Unloading 12 unused Assets to reduce memory usage. Loaded Objects now: 2312.
Total: 3.375900 ms (FindLiveObjects: 0.318100 ms CreateObjectMapping: 0.147400 ms MarkObjects: 2.748600 ms  DeleteObjects: 0.160100 ms)

AssetImportParameters requested are different than current active one (requested -> active):
  custom:graphics/normal-map-encoding: 01000000000000000000000000000000 -> 02000000000000000000000000000000
========================================================================
Received Prepare
Registering precompiled user dll's ...
Registered in 0.000821 seconds.
Begin MonoManager ReloadAssembly
Native extension for WindowsStandalone target not found
Refreshing native plugins compatible for Editor in 0.34 ms, found 1 plugins.
Preloading 0 native plugins for Editor in 0.00 ms.
Invoked RoslynAnalysisRunner static constructor.
RoslynAnalysisRunner will not be running.
RoslynAnalysisRunner has terminated.
Mono: successfully reloaded assembly
- Completed reload, in  0.806 seconds
Platform modules already initialized, skipping
Switching build target platform(5) subTarget(0) extendedPlatform(0) -> platform(13) subTarget(537395200) extendedPlatform(0)
Refreshing native plugins compatible for Editor in 0.34 ms, found 1 plugins.
Preloading 0 native plugins for Editor in 0.00 ms.
Unloading 1818 Unused Serialized files (Serialized files now loaded: 0)
System memory in use before: 89.0 MB.
System memory in use after: 89.0 MB.

Unloading 12 unused Assets to reduce memory usage. Loaded Objects now: 2315.
Total: 2.029600 ms (FindLiveObjects: 0.209600 ms CreateObjectMapping: 0.059000 ms MarkObjects: 1.667100 ms  DeleteObjects: 0.093100 ms)

AssetImportParameters requested are different than current active one (requested -> active):
  custom:graphics/normal-map-encoding: 01000000000000000000000000000000 -> 02000000000000000000000000000000
AssetImportWorkerClient::OnTransportError - code=2 error=End of file
